2016-05-18 10:50:08 dev_log : [INFO] retrycount=0
2016-05-18 10:50:08 dev_log : [INFO] sourceCodeDir=src
2016-05-18 10:50:08 dev_log : [INFO] sourceCodeEncoding=UTF-8
2016-05-18 14:23:21 dev_log : [INFO] retrycount=0
2016-05-18 14:23:21 dev_log : [INFO] sourceCodeDir=src
2016-05-18 14:23:21 dev_log : [INFO] sourceCodeEncoding=UTF-8
2016-05-18 14:24:04 dev_log : [INFO] [Wait For Text : [确定]] 
2016-05-18 14:24:21 dev_log : [INFO] [点击 -> name: AppId]
2016-05-18 14:24:25 dev_log : [INFO] [点击 -> name: 养老险E企赢]
2016-05-18 14:24:29 dev_log : [INFO] [点击 -> name: 进入页面]
2016-05-18 14:24:38 dev_log : [INFO] ClickMsgCenter Start
2016-05-18 14:24:42 dev_log : [STEP] 个人中心用例1-5 插件不配置强登， 例如消息中心 开始跑
2016-05-18 14:24:42 dev_log : [INFO] 模拟向右滑动
2016-05-18 14:24:47 dev_log : [INFO] [Wait For Text : [消息中心]] 
2016-05-18 14:24:56 dev_log : [INFO] [点击 -> name: 消息中心]
2016-05-18 14:25:02 dev_log : [INFO] [Wait For Text : [重要]] 
2016-05-18 14:25:08 dev_log : [INFO] 个人中心用例1-5 插件不配置强登， 例如消息中心 测试通过
2016-05-18 14:25:08 dev_log : [INFO] ClickMsgCenter Success
2016-05-18 14:25:35 dev_log : [INFO] [Wait For Text : [确定]] 
2016-05-18 14:25:52 dev_log : [INFO] [点击 -> name: AppId]
2016-05-18 14:25:55 dev_log : [INFO] [点击 -> name: 养老险E企赢]
2016-05-18 14:25:59 dev_log : [INFO] [点击 -> name: 进入页面]
2016-05-18 14:26:08 dev_log : [INFO] LoginPersonalCenterByH5 Start
2016-05-18 14:26:11 dev_log : [STEP] 个人中心用例1-1-2（插件为强登，用户未登陆），模拟h5一账通登录 开始跑
2016-05-18 14:26:11 dev_log : [INFO] 模拟向右滑动
2016-05-18 14:26:16 dev_log : [INFO] [Wait For Text : [新个人中心]] 
2016-05-18 14:26:25 dev_log : [INFO] [点击 -> name: 新个人中心]
2016-05-18 14:26:31 dev_log : [INFO] [Wait For Text : [一账通号/手机号/身份证号/邮箱]] 
2016-05-18 14:26:37 dev_log : [INFO] 已弹出登录
2016-05-18 14:26:43 dev_log : [INFO] [点击 -> xpath: //*[@value='一账通号/手机号/身份证号/邮箱']]
2016-05-18 14:27:03 dev_log : [INFO] [输入字符 -> xpath: //*[@value='一账通号/手机号/身份证号/邮箱']]
2016-05-18 14:27:16 dev_log : [INFO] [点击 -> xpath: //*[@value='密码']]
2016-05-18 14:27:26 dev_log : [INFO] [输入字符 -> xpath: //*[@value='密码']]
2016-05-18 14:27:44 dev_log : [INFO] [点击 -> xpath: //UIALink[@name='登 录']]
2016-05-18 14:28:08 dev_log : [INFO] 个人中心用例1-1-2（插件为强登，用户未登陆），模拟h5一账通登录 案例成功跑完
2016-05-18 14:28:08 dev_log : [INFO] LoginPersonalCenterByH5 Success
2016-05-18 14:28:35 dev_log : [INFO] [Wait For Text : [确定]] 
